Assembler report for electronic_card_lock
Sun Nov 26 15:25:32 2023
Quartus Prime Version 22.1std.2 Build 922 07/20/2023 SC Standard Edition


---------------------
; Table of Contents ;
---------------------
  1. Legal Notice
  2. Assembler Summary
  3. Assembler Settings
  4. Assembler Encrypted IP Cores Summary
  5. Assembler Generated Files
  6. Assembler Device Options: electronic_card_lock.sof
  7. Assembler Messages



----------------
; Legal Notice ;
----------------
Copyright (C) 2023  Intel Corporation. All rights reserved.
Your use of Intel Corporation's design tools, logic functions 
and other software and tools, and any partner logic 
functions, and any output files from any of the foregoing 
(including device programming or simulation files), and any 
associated documentation or information are expressly subject 
to the terms and conditions of the Intel Program License 
Subscription Agreement, the Intel Quartus Prime License Agreement,
the Intel FPGA IP License Agreement, or other applicable license
agreement, including, without limitation, that your use is for
the sole purpose of programming logic devices manufactured by
Intel and sold by Intel or its authorized distributors.  Please
refer to the applicable agreement for further details, at
https://fpgasoftware.intel.com/eula.



+---------------------------------------------------------------+
; Assembler Summary                                             ;
+-----------------------+---------------------------------------+
; Assembler Status      ; Successful - Sun Nov 26 15:25:32 2023 ;
; Revision Name         ; electronic_card_lock                  ;
; Top-level Entity Name ; electronic_card_lock                  ;
; Family                ; Cyclone IV E                          ;
; Device                ; EP4CE115F29C7                         ;
+-----------------------+---------------------------------------+


+----------------------------------+
; Assembler Settings               ;
+--------+---------+---------------+
; Option ; Setting ; Default Value ;
+--------+---------+---------------+


+------------------------------------------------+
; Assembler Encrypted IP Cores Summary           ;
+--------+------------------------+--------------+
; Vendor ; IP Core Name           ; License Type ;
+--------+------------------------+--------------+
; Altera ; Signal Tap (6AF7 BCE1) ; Licensed     ;
; Altera ; Signal Tap (6AF7 BCEC) ; Licensed     ;
+--------+------------------------+--------------+


+---------------------------------------------------------------------------------------------------------------+
; Assembler Generated Files                                                                                     ;
+---------------------------------------------------------------------------------------------------------------+
; File Name                                                                                                     ;
+---------------------------------------------------------------------------------------------------------------+
; /home/.engr-ece/hze083/Documents/CME341/Labs/Lab_7/electronic_card_lock/output_files/electronic_card_lock.sof ;
+---------------------------------------------------------------------------------------------------------------+


+----------------------------------------------------+
; Assembler Device Options: electronic_card_lock.sof ;
+----------------+-----------------------------------+
; Option         ; Setting                           ;
+----------------+-----------------------------------+
; JTAG usercode  ; 0x0066A9CB                        ;
; Checksum       ; 0x0066A9CB                        ;
+----------------+-----------------------------------+


+--------------------+
; Assembler Messages ;
+--------------------+
Info: *******************************************************************
Info: Running Quartus Prime Assembler
    Info: Version 22.1std.2 Build 922 07/20/2023 SC Standard Edition
    Info: Processing started: Sun Nov 26 15:25:29 2023
Info: Command: quartus_asm --read_settings_files=off --write_settings_files=off electronic_card_lock -c electronic_card_lock
Warning (18236): Number of processors has not been specified which may cause overloading on shared machines.  Set the global assignment NUM_PARALLEL_PROCESSORS in your QSF to an appropriate value for best performance.
Info (115031): Writing out detailed assembly data for power analysis
Info (115030): Assembler is generating device programming files
Info: Quartus Prime Assembler was successful. 0 errors, 1 warning
    Info: Peak virtual memory: 643 megabytes
    Info: Processing ended: Sun Nov 26 15:25:32 2023
    Info: Elapsed time: 00:00:03
    Info: Total CPU time (on all processors): 00:00:03


